<?xml version="1.0" encoding="UTF-8"?>
<Site BuildName="Win32-MSBuild"
	BuildStamp="20231114-0519-Experimental"
	Name="DESKTOP-3093K32"
	Generator="ctest-3.26.4-msvc4"
	CompilerName="C:/Program Files/Microsoft Visual Studio/2022/Community/VC/Tools/MSVC/14.37.32822/bin/Hostx64/x86/cl.exe"
	CompilerVersion="19.37.32825.0"
	OSName="Windows"
	Hostname="DESKTOP-3093K32"
	OSRelease=" Professional"
	OSVersion=" (Build 19044)"
	OSPlatform="AMD64"
	Is64Bits="1"
	VendorString="GenuineIntel"
	VendorID="Intel Corporation"
	FamilyID="6"
	ModelID="10"
	ProcessorCacheSize="-1"
	NumberOfLogicalCPU="8"
	NumberOfPhysicalCPU="8"
	TotalVirtualMemory="8063"
	TotalPhysicalMemory="6335"
	LogicalProcessorsPerPhysical="1"
	ProcessorClockFrequency="3701"
	>
	<Testing>
		<StartDateTime>Nov 14 15:36 Iran Standard Time</StartDateTime>
		<StartTestTime>1699963601</StartTestTime>
		<TestList/>
		<EndDateTime>Nov 14 15:36 Iran Standard Time</EndDateTime>
		<EndTestTime>1699963601</EndTestTime>
		<ElapsedMinutes>0</ElapsedMinutes>
	</Testing>
</Site>
